Start testing: Feb 18 22:49 DST
----------------------------------------------------------
1/1 Testing: Vector_UnitTest
1/1 Test: Vector_UnitTest
Command: "/home/simon/helloWorld/Components/Vector/Vector_UnitTest"
Directory: /home/simon/helloWorld/Components/Vector
"Vector_UnitTest" start time: Feb 18 22:49 DST
Output:
----------------------------------------------------------
Running main() from gtest_main.cc
[==========] Running 1 test from 1 test case.
[----------] Global test environment set-up.
[----------] 1 test from Vector_UnitTest
[ RUN      ] Vector_UnitTest.TestVectorConstructor
[       OK ] Vector_UnitTest.TestVectorConstructor (0 ms)
[----------] 1 test from Vector_UnitTest (0 ms total)

[----------] Global test environment tear-down
[==========] 1 test from 1 test case ran. (0 ms total)
[  PASSED  ] 1 test.
<end of output>
Test time =   0.03 sec
----------------------------------------------------------
Test Passed.
"Vector_UnitTest" end time: Feb 18 22:49 DST
"Vector_UnitTest" time elapsed: 00:00:00
----------------------------------------------------------

End testing: Feb 18 22:49 DST
