Start testing: Feb 21 09:42 DST
----------------------------------------------------------
1/2 Testing: Vector_UnitTest
1/2 Test: Vector_UnitTest
Command: "/home/simon/helloWorld/Components/Vector/Vector_UnitTest"
Directory: /home/simon/helloWorld/Components/Vector
"Vector_UnitTest" start time: Feb 21 09:42 DST
Output:
----------------------------------------------------------
Running main() from gtest_main.cc
[==========] Running 1 test from 1 test case.
[----------] Global test environment set-up.
[----------] 1 test from Vector_UnitTest
[ RUN      ] Vector_UnitTest.TestVectorConstructor
[       OK ] Vector_UnitTest.TestVectorConstructor (0 ms)
[----------] 1 test from Vector_UnitTest (0 ms total)

[----------] Global test environment tear-down
[==========] 1 test from 1 test case ran. (0 ms total)
[  PASSED  ] 1 test.
<end of output>
Test time =   0.02 sec
----------------------------------------------------------
Test Passed.
"Vector_UnitTest" end time: Feb 21 09:42 DST
"Vector_UnitTest" time elapsed: 00:00:00
----------------------------------------------------------

2/2 Testing: LinkedList_UnitTest
2/2 Test: LinkedList_UnitTest
Command: "/home/simon/helloWorld/Components/LinkedList/LinkedList_UnitTest"
Directory: /home/simon/helloWorld/Components/LinkedList
"LinkedList_UnitTest" start time: Feb 21 09:42 DST
Output:
----------------------------------------------------------
Running main() from gtest_main.cc
[==========] Running 4 tests from 1 test case.
[----------] Global test environment set-up.
[----------] 4 tests from LinkedList_UnitTest
[ RUN      ] LinkedList_UnitTest.testConstructEmptyList
[       OK ] LinkedList_UnitTest.testConstructEmptyList (0 ms)
[ RUN      ] LinkedList_UnitTest.testInsertToList
<end of output>
Test time =   0.02 sec
----------------------------------------------------------
Test Failed.
"LinkedList_UnitTest" end time: Feb 21 09:42 DST
"LinkedList_UnitTest" time elapsed: 00:00:00
----------------------------------------------------------

End testing: Feb 21 09:42 DST
